#
# There is insufficient memory for the Java Runtime Environment to continue.
# Native memory allocation (malloc) failed to allocate 1853840 bytes for Chunk::new
# Possible reasons:
#   The system is out of physical RAM or swap space
#   The process is running with CompressedOops enabled, and the Java Heap may be blocking the growth of the native heap
# Possible solutions:
#   Reduce memory load on the system
#   Increase physical memory or swap space
#   Check if swap backing store is full
#   Decrease Java heap size (-Xmx/-Xms)
#   Decrease number of Java threads
#   Decrease Java thread stack sizes (-Xss)
#   Set larger code cache with -XX:ReservedCodeCacheSize=
#   JVM is running with Unscaled Compressed Oops mode in which the Java heap is
#     placed in the first 4GB address space. The Java Heap base address is the
#     maximum limit for the native heap growth. Please use -XX:HeapBaseMinAddress
#     to set the Java Heap base and to place the Java Heap above 4GB virtual address.
# This output file may be truncated or incomplete.
#
#  Out of Memory Error (allocation.cpp:389), pid=11960, tid=0x0000000000004338
#
# JRE version: OpenJDK Runtime Environment (8.0_202-b03) (build 1.8.0_202-release-1483-b03)
# Java VM: OpenJDK 64-Bit Server VM (25.202-b03 mixed mode windows-amd64 compressed oops)
# Failed to write core dump. Minidumps are not enabled by default on client versions of Windows
#

---------------  T H R E A D  ---------------

Current thread (0x0000000018c82800):  JavaThread "C2 CompilerThread1" daemon [_thread_in_native, id=17208, stack(0x0000000019560000,0x0000000019660000)]

Stack: [0x0000000019560000,0x0000000019660000]
[error occurred during error reporting (printing stack bounds), id 0xc0000005]

Native frames: (J=compiled Java code, j=interpreted, Vv=VM code, C=native code)


Current CompileTask:
C2:   4986 1364       4       java.net.URLClassLoader$1::run (5 bytes)


---------------  P R O C E S S  ---------------

Java Threads: ( => current thread )
  0x000000001a2f3800 JavaThread "Cache worker for file hash cache (E:\study\HMap\AppFrontEnd\android\.gradle\5.6.2\fileHashes)" [_thread_blocked, id=5976, stack(0x000000001fc00000,0x000000001fd00000)]
  0x000000001a2f4000 JavaThread "Cache worker for journal cache (C:\Users\GDY\.gradle\caches\journal-1)" [_thread_blocked, id=15228, stack(0x000000001d3d0000,0x000000001d4d0000)]
  0x000000001a2f7000 JavaThread "File lock request listener" [_thread_in_native, id=12232, stack(0x000000001d2d0000,0x000000001d3d0000)]
  0x000000001a2f5000 JavaThread "Cache worker for file hash cache (C:\Users\GDY\.gradle\caches\5.6.2\fileHashes)" [_thread_blocked, id=12132, stack(0x000000001d1d0000,0x000000001d2d0000)]
  0x000000001b5e1000 JavaThread "Thread-9" [_thread_blocked, id=7472, stack(0x000000001d0d0000,0x000000001d1d0000)]
  0x000000001b64f000 JavaThread "Stdin handler" [_thread_blocked, id=15120, stack(0x000000001cfd0000,0x000000001d0d0000)]
  0x000000001b64d800 JavaThread "Asynchronous log dispatcher for DefaultDaemonConnection: socket connection from /127.0.0.1:52968 to /127.0.0.1:52969" [_thread_blocked, id=3112, stack(0x000000001cdd0000,0x000000001ced0000)]
  0x000000001b5d7800 JavaThread "Daemon worker" [_thread_in_Java, id=8636, stack(0x000000001ccd0000,0x000000001cdd0000)]
  0x000000001b5d6800 JavaThread "Cancel handler" [_thread_blocked, id=14708, stack(0x000000001cbd0000,0x000000001ccd0000)]
  0x000000001b5c8800 JavaThread "Handler for socket connection from /127.0.0.1:52968 to /127.0.0.1:52969" [_thread_in_native, id=9840, stack(0x000000001c8d0000,0x000000001c9d0000)]
  0x000000001b5c3800 JavaThread "Daemon" [_thread_blocked, id=5284, stack(0x000000001c7d0000,0x000000001c8d0000)]
  0x000000001b5a8800 JavaThread "Daemon periodic checks" [_thread_blocked, id=9600, stack(0x000000001c6d0000,0x000000001c7d0000)]
  0x000000001b5a7800 JavaThread "Incoming local TCP Connector on port 52968" [_thread_in_native, id=6028, stack(0x000000001c520000,0x000000001c620000)]
  0x0000000019bf3800 JavaThread "Daemon health stats" [_thread_blocked, id=15204, stack(0x000000001c200000,0x000000001c300000)]
  0x0000000018d1a800 JavaThread "Service Thread" daemon [_thread_blocked, id=15304, stack(0x0000000019860000,0x0000000019960000)]
  0x0000000018ca5000 JavaThread "C1 CompilerThread3" daemon [_thread_blocked, id=14304, stack(0x0000000019760000,0x0000000019860000)]
  0x0000000018c85000 JavaThread "C2 CompilerThread2" daemon [_thread_in_native, id=13388, stack(0x0000000019660000,0x0000000019760000)]
=>0x0000000018c82800 JavaThread "C2 CompilerThread1" daemon [_thread_in_native, id=17208, stack(0x0000000019560000,0x0000000019660000)]
  0x0000000018c7d800 JavaThread "C2 CompilerThread0" daemon [_thread_blocked, id=16572, stack(0x0000000019460000,0x0000000019560000)]
  0x0000000018c7c800 JavaThread "Attach Listener" daemon [_thread_blocked, id=4236, stack(0x0000000019360000,0x0000000019460000)]
  0x0000000018c2a000 JavaThread "Signal Dispatcher" daemon [_thread_blocked, id=16220, stack(0x0000000019260000,0x0000000019360000)]
  0x0000000003059800 JavaThread "Finalizer" daemon [_thread_blocked, id=14364, stack(0x00000000190f0000,0x00000000191f0000)]
  0x0000000003056800 JavaThread "Reference Handler" daemon [_thread_blocked, id=12412, stack(0x0000000018ff0000,0x00000000190f0000)]
  0x0000000002f62800 JavaThread "main" [_thread_blocked, id=16516, stack(0x0000000002e60000,0x0000000002f60000)]

Other Threads:
  0x0000000016e17800 VMThread [stack: 0x0000000018af0000,0x0000000018bf0000] [id=3600]
  0x0000000018d1c800 WatcherThread [stack: 0x0000000019960000,0x0000000019a60000] [id=12596]

VM state:not at safepoint (normal execution)

VM Mutex/Monitor currently owned by a thread: None

heap address: 0x00000000a0000000, size: 1536 MB, Compressed Oops mode: 32-bit
Narrow klass base: 0x0000000000000000, Narrow klass shift: 3
Compressed class space size: 1073741824 Address: 0x0000000100000000

Heap:
 PSYoungGen      total 37888K, used 32982K [0x00000000e0000000, 0x00000000e2a00000, 0x0000000100000000)
  eden space 32768K, 85% used [0x00000000e0000000,0x00000000e1b3b858,0x00000000e2000000)
  from space 5120K, 99% used [0x00000000e2500000,0x00000000e29fa040,0x00000000e2a00000)
  to   space 5120K, 0% used [0x00000000e2000000,0x00000000e2000000,0x00000000e2500000)
 ParOldGen       total 86016K, used 4127K [0x00000000a0000000, 0x00000000a5400000, 0x00000000e0000000)
  object space 86016K, 4% used [0x00000000a0000000,0x00000000a0407ef8,0x00000000a5400000)
 Metaspace       used 17090K, capacity 17554K, committed 17792K, reserved 1064960K
  class space    used 2449K, capacity 2601K, committed 2688K, reserved 1048576K

Card table byte_map: [0x0000000012420000,0x0000000012730000] byte_map_base: 0x0000000011f20000

Marking Bits: (ParMarkBitMap*) 0x00000000665c9f30
 Begin Bits: [0x0000000013130000, 0x0000000014930000)
 End Bits:   [0x0000000014930000, 0x0000000016130000)

Polling page: 0x0000000001310000

CodeCache: size=245760Kb used=5425Kb max_used=5435Kb free=240334Kb
 bounds [0x0000000003060000, 0x00000000035c0000, 0x0000000012060000]
 total_blobs=1924 nmethods=1524 adapters=313
 compilation: enabled

Compilation events (10 events):
Event: 4.835 Thread 0x0000000018ca5000 nmethod 1520 0x00000000035a3910 code [0x00000000035a3a80, 0x00000000035a3d30]
Event: 4.836 Thread 0x0000000018c7d800 nmethod 1521 0x00000000035a3590 code [0x00000000035a36e0, 0x00000000035a37d8]
Event: 4.849 Thread 0x0000000018ca5000 1522   !   3       java.lang.StringCoding::decode (120 bytes)
Event: 4.851 Thread 0x0000000018ca5000 nmethod 1522 0x00000000035aee50 code [0x00000000035af180, 0x00000000035b0b98]
Event: 4.899 Thread 0x0000000018ca5000 1523       3       org.gradle.internal.service.DefaultServiceRegistry$ParentServices::getService (11 bytes)
Event: 4.900 Thread 0x0000000018ca5000 nmethod 1523 0x00000000035a3110 code [0x00000000035a3280, 0x00000000035a34a8]
Event: 4.901 Thread 0x0000000018c7d800 1524  s    4       java.lang.Throwable::fillInStackTrace (29 bytes)
Event: 4.903 Thread 0x0000000018c7d800 nmethod 1524 0x00000000035a9890 code [0x00000000035a99e0, 0x00000000035a9d08]
Event: 4.923 Thread 0x0000000018c7d800 1525       4       java.lang.ReflectiveOperationException::<init> (7 bytes)
Event: 4.927 Thread 0x0000000018c7d800 nmethod 1525 0x00000000035a9250 code [0x00000000035a93a0, 0x00000000035a9708]

GC Heap History (8 events):
Event: 1.697 GC heap before
{Heap before GC invocations=1 (full 0):
 PSYoungGen      total 37888K, used 32768K [0x00000000e0000000, 0x00000000e2a00000, 0x0000000100000000)
  eden space 32768K, 100% used [0x00000000e0000000,0x00000000e2000000,0x00000000e2000000)
  from space 5120K, 0% used [0x00000000e2500000,0x00000000e2500000,0x00000000e2a00000)
  to   space 5120K, 0% used [0x00000000e2000000,0x00000000e2000000,0x00000000e2500000)
 ParOldGen       total 86016K, used 0K [0x00000000a0000000, 0x00000000a5400000, 0x00000000e0000000)
  object space 86016K, 0% used [0x00000000a0000000,0x00000000a0000000,0x00000000a5400000)
 Metaspace       used 7093K, capacity 7354K, committed 7680K, reserved 1056768K
  class space    used 861K, capacity 942K, committed 1024K, reserved 1048576K
Event: 1.705 GC heap after
Heap after GC invocations=1 (full 0):
 PSYoungGen      total 37888K, used 4610K [0x00000000e0000000, 0x00000000e2a00000, 0x0000000100000000)
  eden space 32768K, 0% used [0x00000000e0000000,0x00000000e0000000,0x00000000e2000000)
  from space 5120K, 90% used [0x00000000e2000000,0x00000000e2480808,0x00000000e2500000)
  to   space 5120K, 0% used [0x00000000e2500000,0x00000000e2500000,0x00000000e2a00000)
 ParOldGen       total 86016K, used 16K [0x00000000a0000000, 0x00000000a5400000, 0x00000000e0000000)
  object space 86016K, 0% used [0x00000000a0000000,0x00000000a0004000,0x00000000a5400000)
 Metaspace       used 7093K, capacity 7354K, committed 7680K, reserved 1056768K
  class space    used 861K, capacity 942K, committed 1024K, reserved 1048576K
}
Event: 2.284 GC heap before
{Heap before GC invocations=2 (full 0):
 PSYoungGen      total 37888K, used 37378K [0x00000000e0000000, 0x00000000e2a00000, 0x0000000100000000)
  eden space 32768K, 100% used [0x00000000e0000000,0x00000000e2000000,0x00000000e2000000)
  from space 5120K, 90% used [0x00000000e2000000,0x00000000e2480808,0x00000000e2500000)
  to   space 5120K, 0% used [0x00000000e2500000,0x00000000e2500000,0x00000000e2a00000)
 ParOldGen       total 86016K, used 16K [0x00000000a0000000, 0x00000000a5400000, 0x00000000e0000000)
  object space 86016K, 0% used [0x00000000a0000000,0x00000000a0004000,0x00000000a5400000)
 Metaspace       used 7407K, capacity 7668K, committed 7936K, reserved 1056768K
  class space    used 908K, capacity 983K, committed 1024K, reserved 1048576K
Event: 2.289 GC heap after
Heap after GC invocations=2 (full 0):
 PSYoungGen      total 37888K, used 3737K [0x00000000e0000000, 0x00000000e2a00000, 0x0000000100000000)
  eden space 32768K, 0% used [0x00000000e0000000,0x00000000e0000000,0x00000000e2000000)
  from space 5120K, 72% used [0x00000000e2500000,0x00000000e28a6500,0x00000000e2a00000)
  to   space 5120K, 0% used [0x00000000e2000000,0x00000000e2000000,0x00000000e2500000)
 ParOldGen       total 86016K, used 24K [0x00000000a0000000, 0x00000000a5400000, 0x00000000e0000000)
  object space 86016K, 0% used [0x00000000a0000000,0x00000000a0006000,0x00000000a5400000)
 Metaspace       used 7407K, capacity 7668K, committed 7936K, reserved 1056768K
  class space    used 908K, capacity 983K, committed 1024K, reserved 1048576K
}
Event: 3.936 GC heap before
{Heap before GC invocations=3 (full 0):
 PSYoungGen      total 37888K, used 36505K [0x00000000e0000000, 0x00000000e2a00000, 0x0000000100000000)
  eden space 32768K, 100% used [0x00000000e0000000,0x00000000e2000000,0x00000000e2000000)
  from space 5120K, 72% used [0x00000000e2500000,0x00000000e28a6500,0x00000000e2a00000)
  to   space 5120K, 0% used [0x00000000e2000000,0x00000000e2000000,0x00000000e2500000)
 ParOldGen       total 86016K, used 24K [0x00000000a0000000, 0x00000000a5400000, 0x00000000e0000000)
  object space 86016K, 0% used [0x00000000a0000000,0x00000000a0006000,0x00000000a5400000)
 Metaspace       used 12086K, capacity 12446K, committed 12800K, reserved 1060864K
  class space    used 1628K, capacity 1745K, committed 1792K, reserved 1048576K
Event: 3.943 GC heap after
Heap after GC invocations=3 (full 0):
 PSYoungGen      total 37888K, used 5096K [0x00000000e0000000, 0x00000000e2a00000, 0x0000000100000000)
  eden space 32768K, 0% used [0x00000000e0000000,0x00000000e0000000,0x00000000e2000000)
  from space 5120K, 99% used [0x00000000e2000000,0x00000000e24fa020,0x00000000e2500000)
  to   space 5120K, 0% used [0x00000000e2500000,0x00000000e2500000,0x00000000e2a00000)
 ParOldGen       total 86016K, used 1651K [0x00000000a0000000, 0x00000000a5400000, 0x00000000e0000000)
  object space 86016K, 1% used [0x00000000a0000000,0x00000000a019cc70,0x00000000a5400000)
 Metaspace       used 12086K, capacity 12446K, committed 12800K, reserved 1060864K
  class space    used 1628K, capacity 1745K, committed 1792K, reserved 1048576K
}
Event: 4.422 GC heap before
{Heap before GC invocations=4 (full 0):
 PSYoungGen      total 37888K, used 37864K [0x00000000e0000000, 0x00000000e2a00000, 0x0000000100000000)
  eden space 32768K, 100% used [0x00000000e0000000,0x00000000e2000000,0x00000000e2000000)
  from space 5120K, 99% used [0x00000000e2000000,0x00000000e24fa020,0x00000000e2500000)
  to   space 5120K, 0% used [0x00000000e2500000,0x00000000e2500000,0x00000000e2a00000)
 ParOldGen       total 86016K, used 1651K [0x00000000a0000000, 0x00000000a5400000, 0x00000000e0000000)
  object space 86016K, 1% used [0x00000000a0000000,0x00000000a019cc70,0x00000000a5400000)
 Metaspace       used 14443K, capacity 14890K, committed 15232K, reserved 1062912K
  class space    used 2020K, capacity 2135K, committed 2176K, reserved 1048576K
Event: 4.432 GC heap after
Heap after GC invocations=4 (full 0):
 PSYoungGen      total 37888K, used 5096K [0x00000000e0000000, 0x00000000e2a00000, 0x0000000100000000)
  eden space 32768K, 0% used [0x00000000e0000000,0x00000000e0000000,0x00000000e2000000)
  from space 5120K, 99% used [0x00000000e2500000,0x00000000e29fa040,0x00000000e2a00000)
  to   space 5120K, 0% used [0x00000000e2000000,0x00000000e2000000,0x00000000e2500000)
 ParOldGen       total 86016K, used 4127K [0x00000000a0000000, 0x00000000a5400000, 0x00000000e0000000)
  object space 86016K, 4% used [0x00000000a0000000,0x00000000a0407ef8,0x00000000a5400000)
 Metaspace       used 14443K, capacity 14890K, committed 15232K, reserved 1062912K
  class space    used 2020K, capacity 2135K, committed 2176K, reserved 1048576K
}

Deoptimization events (10 events):
Event: 3.859 Thread 0x000000001b5d7800 Uncommon trap: reason=bimorphic action=maybe_recompile pc=0x00000000032acd4c method=java.util.HashMap.putVal(ILjava/lang/Object;Ljava/lang/Object;ZZ)Ljava/lang/Object; @ 253
Event: 3.859 Thread 0x000000001b5d7800 Uncommon trap: reason=class_check action=maybe_recompile pc=0x00000000032acd98 method=java.util.HashMap.putVal(ILjava/lang/Object;Ljava/lang/Object;ZZ)Ljava/lang/Object; @ 203
Event: 3.859 Thread 0x000000001b5d7800 Uncommon trap: reason=class_check action=maybe_recompile pc=0x00000000032acd98 method=java.util.HashMap.putVal(ILjava/lang/Object;Ljava/lang/Object;ZZ)Ljava/lang/Object; @ 203
Event: 3.859 Thread 0x000000001b5d7800 Uncommon trap: reason=bimorphic action=maybe_recompile pc=0x00000000032a9f0c method=java.util.HashMap.putVal(ILjava/lang/Object;Ljava/lang/Object;ZZ)Ljava/lang/Object; @ 253
Event: 3.859 Thread 0x000000001b5d7800 Uncommon trap: reason=bimorphic action=maybe_recompile pc=0x00000000032a9f0c method=java.util.HashMap.putVal(ILjava/lang/Object;Ljava/lang/Object;ZZ)Ljava/lang/Object; @ 253
Event: 4.078 Thread 0x000000001b5d7800 Uncommon trap: reason=class_check action=maybe_recompile pc=0x000000000335bac4 method=java.util.regex.Matcher.match(II)Z @ 86
Event: 4.104 Thread 0x000000001b5d7800 Uncommon trap: reason=class_check action=maybe_recompile pc=0x000000000335bac4 method=java.util.regex.Matcher.match(II)Z @ 86
Event: 4.105 Thread 0x000000001b5d7800 Uncommon trap: reason=class_check action=maybe_recompile pc=0x000000000335bac4 method=java.util.regex.Matcher.match(II)Z @ 86
Event: 4.105 Thread 0x000000001b5d7800 Uncommon trap: reason=class_check action=maybe_recompile pc=0x00000000031dc560 method=java.util.regex.Matcher.match(II)Z @ 86
Event: 4.566 Thread 0x000000001b5d7800 Uncommon trap: reason=unstable_if action=reinterpret pc=0x00000000034e6b34 method=java.lang.String.lastIndexOf([CII[CIII)I @ 66

Classes redefined (0 events):
No events

Internal exceptions (10 events):
Event: 1.273 Thread 0x0000000002f62800 Exception <a 'java/lang/ArrayIndexOutOfBoundsException'> (0x00000000e12e0890) thrown at [D:\src\AOSP-openjdk-cygwin\jdk8u\hotspot\src\share\vm\runtime\sharedRuntime.cpp, line 605]
Event: 1.274 Thread 0x0000000002f62800 Exception <a 'java/lang/ArrayIndexOutOfBoundsException'> (0x00000000e12eeec8) thrown at [D:\src\AOSP-openjdk-cygwin\jdk8u\hotspot\src\share\vm\runtime\sharedRuntime.cpp, line 605]
Event: 1.275 Thread 0x0000000002f62800 Exception <a 'java/lang/ArrayIndexOutOfBoundsException'> (0x00000000e12fc248) thrown at [D:\src\AOSP-openjdk-cygwin\jdk8u\hotspot\src\share\vm\runtime\sharedRuntime.cpp, line 605]
Event: 1.275 Thread 0x0000000002f62800 Exception <a 'java/lang/ArrayIndexOutOfBoundsException'> (0x00000000e12fe870) thrown at [D:\src\AOSP-openjdk-cygwin\jdk8u\hotspot\src\share\vm\runtime\sharedRuntime.cpp, line 605]
Event: 2.500 Thread 0x0000000002f62800 Exception <a 'java/lang/NoSuchFieldError': method resolution failed> (0x00000000e0ea6d50) thrown at [D:\src\AOSP-openjdk-cygwin\jdk8u\hotspot\src\share\vm\prims\methodHandles.cpp, line 1167]
Event: 2.501 Thread 0x0000000002f62800 Exception <a 'java/lang/NoSuchFieldError': method resolution failed> (0x00000000e0eb4a50) thrown at [D:\src\AOSP-openjdk-cygwin\jdk8u\hotspot\src\share\vm\prims\methodHandles.cpp, line 1167]
Event: 3.788 Thread 0x0000000002f62800 Exception <a 'java/io/IOException'> (0x00000000e166bd98) thrown at [D:\src\AOSP-openjdk-cygwin\jdk8u\hotspot\src\share\vm\prims\jni.cpp, line 710]
Event: 4.513 Thread 0x000000001b5d7800 Exception <a 'java/lang/NoSuchMethodError': java.lang.Object.lambda$and$0(Ljava/util/function/Predicate;Ljava/lang/Object;)Z> (0x00000000e03cd970) thrown at [D:\src\AOSP-openjdk-cygwin\jdk8u\hotspot\src\share\vm\interpreter\linkResolver.cpp, line 620]
Event: 4.523 Thread 0x000000001b5d7800 Exception <a 'java/lang/IncompatibleClassChangeError': Found class java.lang.Object, but interface was expected> (0x00000000e03e3cf0) thrown at [D:\src\AOSP-openjdk-cygwin\jdk8u\hotspot\src\share\vm\interpreter\linkResolver.cpp, line 653]
Event: 4.528 Thread 0x000000001b5d7800 Exception <a 'java/lang/NoSuchMethodError': java.lang.Object.lambda$or$2(Ljava/util/function/Predicate;Ljava/lang/Object;)Z> (0x00000000e03e8c78) thrown at [D:\src\AOSP-openjdk-cygwin\jdk8u\hotspot\src\share\vm\interpreter\linkResolver.cpp, line 620]

Events (10 events):
Event: 4.981 loading class kotlin/reflect/jvm/internal/KProperty0Impl$_getter$1
Event: 4.981 loading class kotlin/reflect/jvm/internal/KProperty0Impl$_getter$1 done
Event: 4.982 loading class kotlin/LazyThreadSafetyMode
Event: 4.982 loading class kotlin/LazyThreadSafetyMode done
Event: 4.983 loading class kotlin/reflect/jvm/internal/KProperty0Impl$delegateFieldValue$1
Event: 4.983 loading class kotlin/reflect/jvm/internal/KProperty0Impl$delegateFieldValue$1 done
Event: 4.983 loading class kotlin/LazyKt
Event: 4.983 loading class kotlin/LazyKt done
Event: 4.984 loading class kotlin/LazyKt__LazyKt
Event: 4.984 loading class kotlin/LazyKt__LazyKt done


Dynamic libraries:
0x00007ff6ac7d0000 - 0x00007ff6ac801000 	D:\Android\Android Studio\jre\bin\java.exe
0x00007ffb59d70000 - 0x00007ffb59f66000 	C:\WINDOWS\SYSTEM32\ntdll.dll
0x00007ffb59720000 - 0x00007ffb597dd000 	C:\WINDOWS\System32\KERNEL32.DLL
0x00007ffb57b10000 - 0x00007ffb57dd8000 	C:\WINDOWS\System32\KERNELBASE.dll
0x00007ffb58160000 - 0x00007ffb5820a000 	C:\WINDOWS\System32\ADVAPI32.dll
0x00007ffb589e0000 - 0x00007ffb58a7e000 	C:\WINDOWS\System32\msvcrt.dll
0x00007ffb57f70000 - 0x00007ffb5800b000 	C:\WINDOWS\System32\sechost.dll
0x00007ffb59c00000 - 0x00007ffb59d24000 	C:\WINDOWS\System32\RPCRT4.dll
0x00007ffb59310000 - 0x00007ffb594b0000 	C:\WINDOWS\System32\USER32.dll
0x00007ffb57ae0000 - 0x00007ffb57b02000 	C:\WINDOWS\System32\win32u.dll
0x00007ffb58210000 - 0x00007ffb5823a000 	C:\WINDOWS\System32\GDI32.dll
0x00007ffb577e0000 - 0x00007ffb578e9000 	C:\WINDOWS\System32\gdi32full.dll
0x00007ffb57540000 - 0x00007ffb575dd000 	C:\WINDOWS\System32\msvcp_win.dll
0x00007ffb575e0000 - 0x00007ffb576e0000 	C:\WINDOWS\System32\ucrtbase.dll
0x00007ffb43680000 - 0x00007ffb4391b000 	C:\WINDOWS\WinSxS\amd64_microsoft.windows.common-controls_6595b64144ccf1df_6.0.19041.488_none_ca04af081b815d21\COMCTL32.dll
0x00007ffb58a80000 - 0x00007ffb58ab0000 	C:\WINDOWS\System32\IMM32.DLL
0x0000000066a70000 - 0x0000000066b42000 	D:\Android\Android Studio\jre\jre\bin\msvcr100.dll
0x0000000065e00000 - 0x0000000066646000 	D:\Android\Android Studio\jre\jre\bin\server\jvm.dll
0x00007ffb57f00000 - 0x00007ffb57f08000 	C:\WINDOWS\System32\PSAPI.DLL
0x00007ffb407c0000 - 0x00007ffb407c9000 	C:\WINDOWS\SYSTEM32\WSOCK32.dll
0x00007ffb58c30000 - 0x00007ffb58c9b000 	C:\WINDOWS\System32\WS2_32.dll
0x00007ffb4c840000 - 0x00007ffb4c84a000 	C:\WINDOWS\SYSTEM32\VERSION.dll
0x00007ffb43ad0000 - 0x00007ffb43af7000 	C:\WINDOWS\SYSTEM32\WINMM.dll
0x00007ffb4ec90000 - 0x00007ffb4ec9f000 	D:\Android\Android Studio\jre\jre\bin\verify.dll
0x00007ffb3ae20000 - 0x00007ffb3ae49000 	D:\Android\Android Studio\jre\jre\bin\java.dll
0x00007ffb3ae00000 - 0x00007ffb3ae16000 	D:\Android\Android Studio\jre\jre\bin\zip.dll
0x00007ffb582a0000 - 0x00007ffb589e0000 	C:\WINDOWS\System32\SHELL32.dll
0x00007ffb555b0000 - 0x00007ffb55d44000 	C:\WINDOWS\SYSTEM32\windows.storage.dll
0x00007ffb598a0000 - 0x00007ffb59bf5000 	C:\WINDOWS\System32\combase.dll
0x00007ffb56f30000 - 0x00007ffb56f5c000 	C:\WINDOWS\SYSTEM32\Wldp.dll
0x00007ffb59670000 - 0x00007ffb5971e000 	C:\WINDOWS\System32\SHCORE.dll
0x00007ffb59840000 - 0x00007ffb59895000 	C:\WINDOWS\System32\shlwapi.dll
0x00007ffb573f0000 - 0x00007ffb57416000 	C:\WINDOWS\SYSTEM32\profapi.dll
0x00007ffb3abc0000 - 0x00007ffb3abda000 	D:\Android\Android Studio\jre\jre\bin\net.dll
0x00007ffb56cb0000 - 0x00007ffb56d1a000 	C:\WINDOWS\system32\mswsock.dll
0x00007ffb35a30000 - 0x00007ffb35a41000 	D:\Android\Android Studio\jre\jre\bin\nio.dll
0x00007ffb35970000 - 0x00007ffb35996000 	C:\Users\GDY\.gradle\native\30\windows-amd64\native-platform.dll
0x00007ffb4ea40000 - 0x00007ffb4ea4d000 	D:\Android\Android Studio\jre\jre\bin\management.dll
0x00007ffb56e80000 - 0x00007ffb56e98000 	C:\WINDOWS\SYSTEM32\CRYPTSP.dll
0x00007ffb56530000 - 0x00007ffb56564000 	C:\WINDOWS\system32\rsaenh.dll
0x00007ffb578f0000 - 0x00007ffb57917000 	C:\WINDOWS\System32\bcrypt.dll
0x00007ffb57370000 - 0x00007ffb5739e000 	C:\WINDOWS\SYSTEM32\USERENV.dll
0x00007ffb574c0000 - 0x00007ffb5753f000 	C:\WINDOWS\System32\bcryptprimitives.dll
0x00007ffb56ea0000 - 0x00007ffb56eac000 	C:\WINDOWS\SYSTEM32\CRYPTBASE.dll
0x00007ffb56930000 - 0x00007ffb5696b000 	C:\WINDOWS\SYSTEM32\IPHLPAPI.DLL
0x00007ffb58ab0000 - 0x00007ffb58ab9000 	C:\WINDOWS\System32\NSI.dll
0x00007ffb4c760000 - 0x00007ffb4c777000 	C:\WINDOWS\SYSTEM32\dhcpcsvc6.DLL
0x00007ffb4aee0000 - 0x00007ffb4aefd000 	C:\WINDOWS\SYSTEM32\dhcpcsvc.DLL
0x00007ffb56970000 - 0x00007ffb56a3b000 	C:\WINDOWS\SYSTEM32\DNSAPI.dll

VM Arguments:
jvm_args: -Xmx1536M -Dfile.encoding=GBK -Duser.country=CN -Duser.language=zh -Duser.variant 
java_command: org.gradle.launcher.daemon.bootstrap.GradleDaemon 5.6.2
java_class_path (initial): C:\Users\GDY\.gradle\wrapper\dists\gradle-5.6.2-all\9st6wgf78h16so49nn74lgtbb\gradle-5.6.2\lib\gradle-launcher-5.6.2.jar
Launcher Type: SUN_STANDARD

Environment Variables:
JAVA_HOME=D:\Android\Android Studio\jre
CLASSPATH=E:\study\HMap\AppFrontEnd\android\\gradle\wrapper\gradle-wrapper.jar
PATH=D:\NetSarang\Xftp 6\;D:\NetSarang\Xshell 6\;D:\Python27;D:\Python27\Scripts;C:\ProgramData\Oracle\Java\javapath;C:\WINDOWS\system32;C:\WINDOWS;C:\WINDOWS\System32\Wbem;C:\WINDOWS\System32\WindowsPowerShell\v1.0\;C:\WINDOWS\System32\OpenSSH\;C:\Program Files\Intel\WiFi\bin\;C:\Program Files\Common Files\Intel\WirelessCommon\;D:\Java\jdk-13\bin;D:\Java\jdk-13\jre\bin;D:\nodejs\;D:\mysql5.7.25\bin;D:\apache-maven-3.6.3\bin;D:\Android\sdk\platform-tools;D:\Android\sdk\emulator;D:\Android\sdk\tools;D:\Android\sdk\tools\bin;D:\Git\cmd;D:\flutter\bin;D:\flutter\bin\cache\dart-sdk\bin;D:\CMake\bin;D:\Anaconda3;D:\Anaconda3\Scripts;D:\Anaconda3\Library\bin;C:\Users\GDY\AppData\Local\Microsoft\WindowsApps;D:\Microsoft VS Code\bin;D:\CLion 2019.3.2\bin;;D:\IntelliJ IDEA 2019.3.3\bin;;C:\Users\GDY\AppData\Roaming\npm;D:\nodejs\node_global;D:\apache-maven-3.6.3\bin;D:\MinGW\bin;;D:\PyCharm 2020.2.3\bin;;D:\flutter\bin\mingit\cmd
USERNAME=GDY
OS=Windows_NT
PROCESSOR_IDENTIFIER=Intel64 Family 6 Model 142 Stepping 10, GenuineIntel



---------------  S Y S T E M  ---------------

OS: Windows 10.0 , 64 bit Build 19041 (10.0.19041.546)

CPU:total 8 (initial active 8) (4 cores per cpu, 2 threads per core) family 6 model 142 stepping 10, cmov, cx8, fxsr, mmx, sse, sse2, sse3, ssse3, sse4.1, sse4.2, popcnt, avx, avx2, aes, clmul, erms, 3dnowpref, lzcnt, ht, tsc, tscinvbit, bmi1, bmi2, adx

Memory: 4k page, physical 8239880k(424720k free), swap 17331760k(5732k free)

vm_info: OpenJDK 64-Bit Server VM (25.202-b03) for windows-amd64 JRE (1.8.0_202-release-1483-b03), built by "builder" with MS VC++ 10.0 (VS2010)

time: Sat Nov 14 16:44:53 2020
timezone: 中国标准时间
elapsed time: 4 seconds (0d 0h 0m 4s)

